INFO:root:User message created: Dppvr RhqmM aprF& i
INFO:root:Remove spaces for decryption = ['D', 'p', 'p', 'v', 'r', 'R', 'h', 'q', 'm', 'M', 'a', 'p', 'r', 'F', '&', 'i']
INFO:root:Decrypted spin pointer index: 18, code: d,  code index: 3, diff_index15 spin['q', 'i', 'x', 'k', 'v', 'p', '&', 'm', 'r', 'd', 'l', 'g', 'a', 'z', 'e', 'n', 'b', 'o', 's', 'f', 'c', 'h', 't', 'y']
INFO:root:Decrypted spin pointer index: 18, code: r,  code index: 14, diff_index4 spin['z', 'e', 'n', 'b', 'o', 's', 'f', 'c', 'h', 't', 'y', 'q', 'i', 'x', 'k', 'v', 'p', '&', 'm', 'r', 'd', 'l', 'g', 'a']
INFO:root:Decrypted spin pointer index: 18, code: m,  code index: 9, diff_index9 spin['s', 'f', 'c', 'h', 't', 'y', 'q', 'i', 'x', 'k', 'v', 'p', '&', 'm', 'r', 'd', 'l', 'g', 'a', 'z', 'e', 'n', 'b', 'o']
INFO:root:Decrypted spin pointer index: 18, code: f,  code index: 5, diff_index13 spin['t', 'y', 'q', 'i', 'x', 'k', 'v', 'p', '&', 'm', 'r', 'd', 'l', 'g', 'a', 'z', 'e', 'n', 'b', 'o', 's', 'f', 'c', 'h']
INFO:root:Message with digraphs is: ['f', 'f', 'e', 'l', 'l', 'o', 'x', 'x', 'o', 'r', 'l', 'd']
INFO:root:User message created: Iiiqv PyxdI emlZb g
INFO:root:Remove spaces for decryption = ['I', 'i', 'i', 'q', 'v', 'P', 'y', 'x', 'd', 'I', 'e', 'm', 'l', 'Z', 'b', 'g']
INFO:root:Decrypted spin pointer index: 18, code: i,  code index: 7, diff_index11 spin['c', 'h', 't', 'y', 'q', 'i', 'x', 'k', 'v', 'p', '&', 'm', 'r', 'd', 'l', 'g', 'a', 'z', 'e', 'n', 'b', 'o', 's', 'f']
INFO:root:Decrypted spin pointer index: 18, code: p,  code index: 12, diff_index6 spin['n', 'b', 'o', 's', 'f', 'c', 'h', 't', 'y', 'q', 'i', 'x', 'k', 'v', 'p', '&', 'm', 'r', 'd', 'l', 'g', 'a', 'z', 'e']
INFO:root:Decrypted spin pointer index: 18, code: i,  code index: 7, diff_index11 spin['c', 'h', 't', 'y', 'q', 'i', 'x', 'k', 'v', 'p', '&', 'm', 'r', 'd', 'l', 'g', 'a', 'z', 'e', 'n', 'b', 'o', 's', 'f']
INFO:root:Decrypted spin pointer index: 18, code: z,  code index: 19, diff_index-1 spin['r', 'd', 'l', 'g', 'a', 'z', 'e', 'n', 'b', 'o', 's', 'f', 'c', 'h', 't', 'y', 'q', 'i', 'x', 'k', 'v', 'p', '&', 'm']
INFO:root:Message with digraphs is: ['f', 'f', 'e', 'l', 'l', 'o', 'x', 'x', 'o', 'r', 'l', 'd']
INFO:root:User message created: Iiiqv PyxdI emlZb g
INFO:root:Remove spaces for decryption = ['I', 'i', 'i', 'q', 'v', 'P', 'y', 'x', 'd', 'I', 'e', 'm', 'l', 'Z', 'b', 'g']
INFO:root:Decrypted spin pointer index: 18, code: i,  code index: 7, diff_index11 spin['c', 'h', 't', 'y', 'q', 'i', 'x', 'k', 'v', 'p', '&', 'm', 'r', 'd', 'l', 'g', 'a', 'z', 'e', 'n', 'b', 'o', 's', 'f']
INFO:root:Decrypted spin pointer index: 18, code: p,  code index: 12, diff_index6 spin['n', 'b', 'o', 's', 'f', 'c', 'h', 't', 'y', 'q', 'i', 'x', 'k', 'v', 'p', '&', 'm', 'r', 'd', 'l', 'g', 'a', 'z', 'e']
INFO:root:Decrypted spin pointer index: 18, code: i,  code index: 7, diff_index11 spin['c', 'h', 't', 'y', 'q', 'i', 'x', 'k', 'v', 'p', '&', 'm', 'r', 'd', 'l', 'g', 'a', 'z', 'e', 'n', 'b', 'o', 's', 'f']
INFO:root:Decrypted spin pointer index: 18, code: z,  code index: 19, diff_index-1 spin['r', 'd', 'l', 'g', 'a', 'z', 'e', 'n', 'b', 'o', 's', 'f', 'c', 'h', 't', 'y', 'q', 'i', 'x', 'k', 'v', 'p', '&', 'm']
INFO:root:User message created: Iiiqv PyxdI emlZb g
INFO:root:Remove spaces for decryption = ['I', 'i', 'i', 'q', 'v', 'P', 'y', 'x', 'd', 'I', 'e', 'm', 'l', 'Z', 'b', 'g']
INFO:root:Decrypted spin pointer index: 18, code: i,  code index: 7, diff_index11 spin['c', 'h', 't', 'y', 'q', 'i', 'x', 'k', 'v', 'p', '&', 'm', 'r', 'd', 'l', 'g', 'a', 'z', 'e', 'n', 'b', 'o', 's', 'f']
INFO:root:Decrypted spin pointer index: 18, code: p,  code index: 12, diff_index6 spin['n', 'b', 'o', 's', 'f', 'c', 'h', 't', 'y', 'q', 'i', 'x', 'k', 'v', 'p', '&', 'm', 'r', 'd', 'l', 'g', 'a', 'z', 'e']
INFO:root:Decrypted spin pointer index: 18, code: i,  code index: 7, diff_index11 spin['c', 'h', 't', 'y', 'q', 'i', 'x', 'k', 'v', 'p', '&', 'm', 'r', 'd', 'l', 'g', 'a', 'z', 'e', 'n', 'b', 'o', 's', 'f']
INFO:root:Decrypted spin pointer index: 18, code: z,  code index: 19, diff_index-1 spin['r', 'd', 'l', 'g', 'a', 'z', 'e', 'n', 'b', 'o', 's', 'f', 'c', 'h', 't', 'y', 'q', 'i', 'x', 'k', 'v', 'p', '&', 'm']
INFO:root:User message created: Iiiqv PyxdI emlZb g
INFO:root:Remove spaces for decryption = ['I', 'i', 'i', 'q', 'v', 'P', 'y', 'x', 'd', 'I', 'e', 'm', 'l', 'Z', 'b', 'g']
INFO:root:Decrypted spin pointer index: 18, code: i,  code index: 7, diff_index11 spin['c', 'h', 't', 'y', 'q', 'i', 'x', 'k', 'v', 'p', '&', 'm', 'r', 'd', 'l', 'g', 'a', 'z', 'e', 'n', 'b', 'o', 's', 'f']
INFO:root:Decrypted spin pointer index: 18, code: p,  code index: 12, diff_index6 spin['n', 'b', 'o', 's', 'f', 'c', 'h', 't', 'y', 'q', 'i', 'x', 'k', 'v', 'p', '&', 'm', 'r', 'd', 'l', 'g', 'a', 'z', 'e']
INFO:root:Decrypted spin pointer index: 18, code: i,  code index: 7, diff_index11 spin['c', 'h', 't', 'y', 'q', 'i', 'x', 'k', 'v', 'p', '&', 'm', 'r', 'd', 'l', 'g', 'a', 'z', 'e', 'n', 'b', 'o', 's', 'f']
INFO:root:Decrypted spin pointer index: 18, code: z,  code index: 19, diff_index-1 spin['r', 'd', 'l', 'g', 'a', 'z', 'e', 'n', 'b', 'o', 's', 'f', 'c', 'h', 't', 'y', 'q', 'i', 'x', 'k', 'v', 'p', '&', 'm']
INFO:root:sets of digraphs are: ['ff', 'ii', 'qq', 'vv', 'xx', 'zz']
INFO:root:Message with digraphs is: ['f', 'f', 'e', 'l', 'l', 'o', 'x', 'x', 'o', 'r', 'l', 'd']
INFO:root:User message created: Iiiqv PyxdI emlZb g
INFO:root:Remove spaces for decryption = ['I', 'i', 'i', 'q', 'v', 'P', 'y', 'x', 'd', 'I', 'e', 'm', 'l', 'Z', 'b', 'g']
INFO:root:Decrypted spin pointer index: 18, code: i,  code index: 7, diff_index11 spin['c', 'h', 't', 'y', 'q', 'i', 'x', 'k', 'v', 'p', '&', 'm', 'r', 'd', 'l', 'g', 'a', 'z', 'e', 'n', 'b', 'o', 's', 'f']
INFO:root:Decrypted spin pointer index: 18, code: p,  code index: 12, diff_index6 spin['n', 'b', 'o', 's', 'f', 'c', 'h', 't', 'y', 'q', 'i', 'x', 'k', 'v', 'p', '&', 'm', 'r', 'd', 'l', 'g', 'a', 'z', 'e']
INFO:root:Decrypted spin pointer index: 18, code: i,  code index: 7, diff_index11 spin['c', 'h', 't', 'y', 'q', 'i', 'x', 'k', 'v', 'p', '&', 'm', 'r', 'd', 'l', 'g', 'a', 'z', 'e', 'n', 'b', 'o', 's', 'f']
INFO:root:Decrypted spin pointer index: 18, code: z,  code index: 19, diff_index-1 spin['r', 'd', 'l', 'g', 'a', 'z', 'e', 'n', 'b', 'o', 's', 'f', 'c', 'h', 't', 'y', 'q', 'i', 'x', 'k', 'v', 'p', '&', 'm']
INFO:root:sets of digraphs are: ['ff', 'ii', 'qq', 'vv', 'xx', 'zz']
INFO:root:Join list: ffelloxxorld
INFO:root:Message with digraphs is: ['f', 'f', 'e', 'l', 'l', 'o', 'x', 'x', 'o', 'r', 'l', 'd']
INFO:root:User message created: Iiiqv PyxdI emlZb g
INFO:root:Remove spaces for decryption = ['I', 'i', 'i', 'q', 'v', 'P', 'y', 'x', 'd', 'I', 'e', 'm', 'l', 'Z', 'b', 'g']
INFO:root:Decrypted spin pointer index: 18, code: i,  code index: 7, diff_index11 spin['c', 'h', 't', 'y', 'q', 'i', 'x', 'k', 'v', 'p', '&', 'm', 'r', 'd', 'l', 'g', 'a', 'z', 'e', 'n', 'b', 'o', 's', 'f']
INFO:root:Decrypted spin pointer index: 18, code: p,  code index: 12, diff_index6 spin['n', 'b', 'o', 's', 'f', 'c', 'h', 't', 'y', 'q', 'i', 'x', 'k', 'v', 'p', '&', 'm', 'r', 'd', 'l', 'g', 'a', 'z', 'e']
INFO:root:Decrypted spin pointer index: 18, code: i,  code index: 7, diff_index11 spin['c', 'h', 't', 'y', 'q', 'i', 'x', 'k', 'v', 'p', '&', 'm', 'r', 'd', 'l', 'g', 'a', 'z', 'e', 'n', 'b', 'o', 's', 'f']
INFO:root:Decrypted spin pointer index: 18, code: z,  code index: 19, diff_index-1 spin['r', 'd', 'l', 'g', 'a', 'z', 'e', 'n', 'b', 'o', 's', 'f', 'c', 'h', 't', 'y', 'q', 'i', 'x', 'k', 'v', 'p', '&', 'm']
INFO:root:Message with digraphs is: ['f', 'f', 'e', 'l', 'l', 'o', 'x', 'x', 'o', 'r', 'l', 'd']
INFO:root:Join list: ffelloxxorld
INFO:root:Message without digraphs: ffelloworld
INFO:root:User message created: Iiiqv PyxdI emlZb g
INFO:root:Remove spaces for decryption = ['I', 'i', 'i', 'q', 'v', 'P', 'y', 'x', 'd', 'I', 'e', 'm', 'l', 'Z', 'b', 'g']
INFO:root:Decrypted spin pointer index: 18, code: i,  code index: 7, diff_index11 spin['c', 'h', 't', 'y', 'q', 'i', 'x', 'k', 'v', 'p', '&', 'm', 'r', 'd', 'l', 'g', 'a', 'z', 'e', 'n', 'b', 'o', 's', 'f']
INFO:root:Decrypted spin pointer index: 18, code: p,  code index: 12, diff_index6 spin['n', 'b', 'o', 's', 'f', 'c', 'h', 't', 'y', 'q', 'i', 'x', 'k', 'v', 'p', '&', 'm', 'r', 'd', 'l', 'g', 'a', 'z', 'e']
INFO:root:Decrypted spin pointer index: 18, code: i,  code index: 7, diff_index11 spin['c', 'h', 't', 'y', 'q', 'i', 'x', 'k', 'v', 'p', '&', 'm', 'r', 'd', 'l', 'g', 'a', 'z', 'e', 'n', 'b', 'o', 's', 'f']
INFO:root:Decrypted spin pointer index: 18, code: z,  code index: 19, diff_index-1 spin['r', 'd', 'l', 'g', 'a', 'z', 'e', 'n', 'b', 'o', 's', 'f', 'c', 'h', 't', 'y', 'q', 'i', 'x', 'k', 'v', 'p', '&', 'm']
INFO:root:Message with digraphs is: ['f', 'f', 'e', 'l', 'l', 'o', 'x', 'x', 'o', 'r', 'l', 'd']
INFO:root:Join list: ffelloxxorld
INFO:root:Message without digraphs: helloworld
INFO:root:User message created: I love coding
INFO:root:With digraph is ['i', 'l', 'o', 'v', 'e', 'c', 'o', 'd', 'i', 'n', 'g']
INFO:root:pointer index: 18, letter shift: c, shift index: 2, diff index: 16, spin: ['i', 'x', 'k', 'v', 'p', '&', 'm', 'r', 'd', 'l', 'g', 'a', 'z', 'e', 'n', 'b', 'o', 's', 'f', 'c', 'h', 't', 'y', 'q']
INFO:root:pointer index: 18, letter shift: a, shift index: 0, diff index: 18, spin: ['k', 'v', 'p', '&', 'm', 'r', 'd', 'l', 'g', 'a', 'z', 'e', 'n', 'b', 'o', 's', 'f', 'c', 'h', 't', 'y', 'q', 'i', 'x']
INFO:root:pointer index: 18, letter shift: o, shift index: 11, diff index: 7, spin: ['b', 'o', 's', 'f', 'c', 'h', 't', 'y', 'q', 'i', 'x', 'k', 'v', 'p', '&', 'm', 'r', 'd', 'l', 'g', 'a', 'z', 'e', 'n']
INFO:root:pointer index: 18, letter shift: f, shift index: 5, diff index: 13, spin: ['t', 'y', 'q', 'i', 'x', 'k', 'v', 'p', '&', 'm', 'r', 'd', 'l', 'g', 'a', 'z', 'e', 'n', 'b', 'o', 's', 'f', 'c', 'h']
INFO:root:Encrypted Message is: Crdas AmpeO fyxFv 
INFO:root:User message created: Crdas AmpeO fyxFv
INFO:root:Remove spaces for decryption = ['C', 'r', 'd', 'a', 's', 'A', 'm', 'p', 'e', 'O', 'f', 'y', 'x', 'F', 'v']
INFO:root:Decrypted spin pointer index: 18, code: c,  code index: 2, diff_index16 spin['i', 'x', 'k', 'v', 'p', '&', 'm', 'r', 'd', 'l', 'g', 'a', 'z', 'e', 'n', 'b', 'o', 's', 'f', 'c', 'h', 't', 'y', 'q']
INFO:root:Decrypted spin pointer index: 18, code: a,  code index: 0, diff_index18 spin['k', 'v', 'p', '&', 'm', 'r', 'd', 'l', 'g', 'a', 'z', 'e', 'n', 'b', 'o', 's', 'f', 'c', 'h', 't', 'y', 'q', 'i', 'x']
INFO:root:Decrypted spin pointer index: 18, code: o,  code index: 11, diff_index7 spin['b', 'o', 's', 'f', 'c', 'h', 't', 'y', 'q', 'i', 'x', 'k', 'v', 'p', '&', 'm', 'r', 'd', 'l', 'g', 'a', 'z', 'e', 'n']
INFO:root:Decrypted spin pointer index: 18, code: f,  code index: 5, diff_index13 spin['t', 'y', 'q', 'i', 'x', 'k', 'v', 'p', '&', 'm', 'r', 'd', 'l', 'g', 'a', 'z', 'e', 'n', 'b', 'o', 's', 'f', 'c', 'h']
INFO:root:Message with digraphs is: ['i', 'l', 'o', 'v', 'e', 'c', 'o', 'd', 'i', 'n', 'g']
INFO:root:Join list: ilovecoding
INFO:root:Message without digraphs: ilovecoding
INFO:root:User message created: Crdas AmpeO fyxFv
INFO:root:Remove spaces for decryption = ['C', 'r', 'd', 'a', 's', 'A', 'm', 'p', 'e', 'O', 'f', 'y', 'x', 'F', 'v']
INFO:root:Decrypted spin pointer index: 18, code: c,  code index: 2, diff_index16 spin['i', 'x', 'k', 'v', 'p', '&', 'm', 'r', 'd', 'l', 'g', 'a', 'z', 'e', 'n', 'b', 'o', 's', 'f', 'c', 'h', 't', 'y', 'q']
INFO:root:Decrypted spin pointer index: 18, code: a,  code index: 0, diff_index18 spin['k', 'v', 'p', '&', 'm', 'r', 'd', 'l', 'g', 'a', 'z', 'e', 'n', 'b', 'o', 's', 'f', 'c', 'h', 't', 'y', 'q', 'i', 'x']
INFO:root:Decrypted spin pointer index: 18, code: o,  code index: 11, diff_index7 spin['b', 'o', 's', 'f', 'c', 'h', 't', 'y', 'q', 'i', 'x', 'k', 'v', 'p', '&', 'm', 'r', 'd', 'l', 'g', 'a', 'z', 'e', 'n']
INFO:root:Decrypted spin pointer index: 18, code: f,  code index: 5, diff_index13 spin['t', 'y', 'q', 'i', 'x', 'k', 'v', 'p', '&', 'm', 'r', 'd', 'l', 'g', 'a', 'z', 'e', 'n', 'b', 'o', 's', 'f', 'c', 'h']
INFO:root:Message with digraphs is: ['i', 'l', 'o', 'v', 'e', 'c', 'o', 'd', 'i', 'n', 'g']
INFO:root:Join list: ilovecoding
INFO:root:Message without digraphs: ilovecoding
INFO:root:User message created: ddk3
INFO:root:User message created: dde4
WARNING:root:User tired to enter a message with special charicters.
INFO:root:User message created: Hello World
INFO:root:User message created: kryptos
INFO:root:User message created: Hello World
INFO:root:Modified alphabet: None
INFO:root:User message created: Hello World
INFO:root:User message created: Hello World
INFO:root:Modified alphabet: ['a', 'b', 'c', 'd', 'e', 'f', 'g', 'h', 'i', 'j', 'l', 'm', 'n', 'q', 'u', 'v', 'w', 'x', 'z']
INFO:root:User message created: Hello World
INFO:root:Encrypted alphabet: None
INFO:root:User message created: Hello World
INFO:root:Encrypted alphabet: ['k', 'r', 'y', 'p', 't', 'o', 's', 'a', 'b', 'c', 'd', 'e', 'f', 'g', 'h', 'i', 'j', 'l', 'm', 'n', 'q', 'u', 'v', 'w', 'x', 'z']
INFO:root:User message created: Hello World
INFO:root:User message created: Hello World
INFO:root:Encrypted alphabet: ['H', 'e', 'l', 'l', 'o', ' ', 'W', 'o', 'r', 'l', 'd', 'a', 'b', 'c', 'f', 'g', 'h', 'i', 'j', 'k', 'm', 'n', 'p', 'q', 's', 't', 'u', 'v', 'w', 'x', 'y', 'z']
INFO:root:User message created: Hello World
INFO:root:Encrypted alphabet: ['H', 'e', 'l', 'l', 'o', ' ', 'W', 'o', 'r', 'l', 'd', 'a', 'b', 'c', 'f', 'g', 'h', 'i', 'j', 'k', 'm', 'n', 'p', 'q', 's', 't', 'u', 'v', 'w', 'x', 'y', 'z']
INFO:root:Encrypted message is: ['o', 'o', 'a', 'a', 'f', 'p', 'f', 'i', 'a', 'l']
INFO:root:User message created: knowledge is power
INFO:root:Encrypted alphabet: ['k', 'n', 'o', 'w', 'l', 'e', 'd', 'g', 'e', ' ', 'i', 's', ' ', 'p', 'o', 'w', 'e', 'r', 'a', 'b', 'c', 'f', 'h', 'j', 'm', 'q', 't', 'u', 'v', 'x', 'y', 'z']
INFO:root:Encrypted message is: ['i', 'p', 'o', 'h', 's', 'l', 'w', 'd', 'l', 'e', 'a', 'w', 'o', 'h', 'l', 'r']
INFO:root:User message created: knowledge is power
INFO:root:Encrypted alphabet: ['k', 'r', 'y', 'p', 't', 'o', 's', 'a', 'b', 'c', 'd', 'e', 'f', 'g', 'h', 'i', 'j', 'l', 'm', 'n', 'q', 'u', 'v', 'w', 'x', 'z']
INFO:root:Encrypted message is: ['d', 'g', 'h', 'v', 'e', 't', 'p', 's', 't', 'b', 'm', 'i', 'h', 'v', 't', 'l']
